\BOOKMARK [1][-]{section.1}{\376\377\000W\000a\000s\000\040\000i\000s\000t\000\040\000e\000i\000n\000\040\000V\000o\000i\000c\000e\000\040\000A\000s\000s\000i\000s\000t\000a\000n\000t\000?}{}% 1
\BOOKMARK [2][-]{subsection.1.1}{\376\377\000D\000i\000g\000i\000t\000a\000l\000e\000r\000\040\000A\000s\000s\000i\000s\000t\000e\000n\000t}{section.1}% 2
\BOOKMARK [2][-]{subsection.1.2}{\376\377\000S\000p\000r\000a\000c\000h\000e\000r\000k\000e\000n\000n\000u\000n\000g}{section.1}% 3
\BOOKMARK [2][-]{subsection.1.3}{\376\377\000C\000o\000m\000p\000u\000t\000e\000r\000l\000i\000n\000g\000u\000i\000s\000t\000i\000k}{section.1}% 4
\BOOKMARK [2][-]{subsection.1.4}{\376\377\000S\000p\000r\000a\000c\000h\000s\000y\000n\000t\000h\000e\000s\000e}{section.1}% 5
\BOOKMARK [2][-]{subsection.1.5}{\376\377\000H\000i\000s\000t\000o\000r\000i\000e}{section.1}% 6
\BOOKMARK [1][-]{section.2}{\376\377\000G\000e\000n\000e\000r\000e\000l\000l\000e\000\040\000F\000u\000n\000k\000t\000i\000o\000n\000s\000w\000e\000i\000s\000e\000\040\000e\000i\000n\000e\000s\000\040\000V\000o\000i\000c\000e\000\040\000A\000s\000s\000i\000s\000t\000a\000n\000t}{}% 7
\BOOKMARK [2][-]{subsection.2.1}{\376\377\000V\000o\000i\000c\000e\000\040\000A\000s\000s\000i\000s\000t\000a\000n\000t}{section.2}% 8
\BOOKMARK [2][-]{subsection.2.2}{\376\377\000W\000e\000b\000s\000e\000r\000v\000i\000c\000e}{section.2}% 9
\BOOKMARK [2][-]{subsection.2.3}{\376\377\000W\000a\000s\000\040\000i\000s\000t\000\040\000e\000i\000n\000\040\000W\000e\000b\000s\000e\000r\000v\000i\000c\000e\000?}{section.2}% 10
\BOOKMARK [2][-]{subsection.2.4}{\376\377\000W\000e\000l\000c\000h\000e\000n\000\040\000W\000e\000b\000s\000e\000r\000v\000i\000c\000e\000\040\000n\000u\000t\000z\000t\000\040\000A\000m\000a\000z\000o\000n\000s\000\040\000A\000l\000e\000x\000a\000?}{section.2}% 11
\BOOKMARK [3][-]{section*.6}{\376\377\000L\000a\000m\000b\000d\000a}{subsection.2.4}% 12
\BOOKMARK [3][-]{section*.7}{\376\377\000A\000l\000e\000x\000a\000\040\000V\000o\000i\000c\000e\000\040\000S\000e\000r\000v\000i\000c\000e\000\040\000\050\000A\000V\000S\000\051}{subsection.2.4}% 13
\BOOKMARK [2][-]{subsection.2.5}{\376\377\000W\000e\000l\000c\000h\000e\000n\000\040\000W\000e\000b\000s\000e\000r\000v\000i\000c\000e\000\040\000n\000u\000t\000z\000t\000\040\000G\000o\000o\000g\000l\000e\000\040\000A\000s\000s\000i\000s\000t\000a\000n\000t\000?}{section.2}% 14
\BOOKMARK [1][-]{section.3}{\376\377\000A\000l\000e\000x\000a}{}% 15
\BOOKMARK [2][-]{subsection.3.1}{\376\377\000F\000u\000n\000k\000t\000i\000o\000n\000e\000n\000/\000F\000u\000n\000k\000t\000i\000o\000n\000s\000w\000e\000i\000s\000e}{section.3}% 16
\BOOKMARK [2][-]{subsection.3.2}{\376\377\000H\000a\000r\000d\000w\000a\000r\000e}{section.3}% 17
\BOOKMARK [3][-]{section*.9}{\376\377\000E\000c\000h\000o\000\040\000D\000o\000t\000\040\000\050\000v\0002\000\051}{subsection.3.2}% 18
\BOOKMARK [3][-]{section*.11}{\376\377\000E\000c\000h\000o}{subsection.3.2}% 19
\BOOKMARK [3][-]{section*.13}{\376\377\000E\000c\000h\000o\000\040\000P\000l\000u\000s}{subsection.3.2}% 20
\BOOKMARK [2][-]{subsection.3.3}{\376\377\000E\000r\000w\000e\000i\000t\000e\000r\000b\000a\000r\000k\000e\000i\000t\000\040\000-\000\040\000S\000k\000i\000l\000l\000s}{section.3}% 21
\BOOKMARK [1][-]{section.4}{\376\377\000G\000o\000o\000g\000l\000e\000\040\000H\000o\000m\000e}{}% 22
\BOOKMARK [2][-]{subsection.4.1}{\376\377\000F\000u\000n\000k\000t\000i\000o\000n\000e\000n\000/\000F\000u\000n\000k\000t\000i\000o\000n\000s\000w\000e\000i\000s\000e}{section.4}% 23
\BOOKMARK [2][-]{subsection.4.2}{\376\377\000H\000a\000r\000d\000w\000a\000r\000e}{section.4}% 24
\BOOKMARK [3][-]{section*.16}{\376\377\000G\000o\000o\000g\000l\000e\000\040\000H\000o\000m\000e}{subsection.4.2}% 25
\BOOKMARK [3][-]{section*.18}{\376\377\000G\000o\000o\000g\000l\000e\000\040\000H\000o\000m\000e\000\040\000M\000i\000n\000i}{subsection.4.2}% 26
\BOOKMARK [3][-]{section*.20}{\376\377\000G\000o\000o\000g\000l\000e\000\040\000H\000o\000m\000e\000\040\000M\000a\000x}{subsection.4.2}% 27
\BOOKMARK [2][-]{subsection.4.3}{\376\377\000E\000r\000w\000e\000i\000t\000e\000r\000b\000a\000r\000k\000e\000i\000t}{section.4}% 28
\BOOKMARK [2][-]{subsection.4.4}{\376\377\000A\000c\000t\000i\000o\000n\000s}{section.4}% 29
